DEBUG SimpleAsyncTaskExecutor-1 org.springframework.amqp.rabbit.core.RabbitTemplate - Executing callback on RabbitMQ Channel: AMQChannel(amqp://guest@localhost:5672/,6)
DEBUG SimpleAsyncTaskExecutor-1 org.springframework.amqp.rabbit.core.RabbitTemplate - Publishing message on exchange [], routingKey = [MIS.dbmasterEndpointTopic.ALL]
INFO main org.springframework.context.support.ClassPathXmlApplicationContext - Refreshing org.springframework.context.support.ClassPathXmlApplicationContext@48d6c16c: startup date [Mon Feb 07 08:49:10 CET 2011]; root of context hierarchy
INFO main org.springframework.beans.factory.xml.XmlBeanDefinitionReader - Loading XML bean definitions from URL [file:/C:/Users/tobias/Documents/workspace26/dbmaster-rabbit/target/classes/META-INF/context-server.xml]
INFO main org.springframework.beans.factory.xml.XmlBeanDefinitionReader - Loading XML bean definitions from URL [file:/C:/Users/tobias/Documents/workspace26/dbmaster-rabbit/target/classes/META-INF/channels.xml]
INFO main org.springframework.beans.factory.xml.XmlBeanDefinitionReader - Loading XML bean definitions from URL [file:/C:/Users/tobias/Documents/workspace26/dbmaster-rabbit/target/classes/META-INF/handlers.xml]
INFO main org.springframework.beans.factory.support.DefaultListableBeanFactory - Overriding bean definition for bean 'rabbitTemplate': replacing [Root bean: class [null]; scope=; abstract=false; lazyInit=false; autowireMode=3; dependencyCheck=0; autowireCandidate=true; primary=false; factoryBeanName=serverAMQPConfig; factoryMethodName=rabbitTemplate; initMethodName=null; destroyMethodName=null; defined in class path resource [de/mpg/mis/neuesbibliothekssystem/remoting/rabbit/config/server/ServerAMQPConfig.class]] with [Root bean: class [null]; scope=; abstract=false; lazyInit=false; autowireMode=3; dependencyCheck=0; autowireCandidate=true; primary=false; factoryBeanName=serverAMQPConfig; factoryMethodName=rabbitTemplate; initMethodName=null; destroyMethodName=null; defined in class path resource [de/mpg/mis/neuesbibliothekssystem/remoting/rabbit/config/server/ServerAMQPConfig.class]]
INFO main org.springframework.beans.factory.support.DefaultListableBeanFactory - Overriding bean definition for bean 'amqpAdmin': replacing [Root bean: class [null]; scope=; abstract=false; lazyInit=false; autowireMode=3; dependencyCheck=0; autowireCandidate=true; primary=false; factoryBeanName=serverAMQPConfig; factoryMethodName=amqpAdmin; initMethodName=null; destroyMethodName=null; defined in class path resource [de/mpg/mis/neuesbibliothekssystem/remoting/rabbit/config/server/ServerAMQPConfig.class]] with [Root bean: class [null]; scope=; abstract=false; lazyInit=false; autowireMode=3; dependencyCheck=0; autowireCandidate=true; primary=false; factoryBeanName=serverAMQPConfig; factoryMethodName=amqpAdmin; initMethodName=null; destroyMethodName=null; defined in class path resource [de/mpg/mis/neuesbibliothekssystem/remoting/rabbit/config/server/ServerAMQPConfig.class]]
INFO main org.springframework.beans.factory.config.PropertyPlaceholderConfigurer - Loading properties file from file [C:\Users\tobias\Documents\workspace26\dbmaster-rabbit\target\classes\META-INF\amqp.properties]
INFO main org.springframework.integration.config.xml.DefaultConfiguringBeanFactoryPostProcessor - No bean named 'errorChannel' has been explicitly defined. Therefore, a default PublishSubscribeChannel will be created.
INFO main org.springframework.integration.config.xml.DefaultConfiguringBeanFactoryPostProcessor - No bean named 'taskScheduler' has been explicitly defined. Therefore, a default ThreadPoolTaskScheduler will be created.
INFO main org.springframework.beans.factory.support.DefaultListableBeanFactory - Pre-instantiating singletons in org.springframework.beans.factory.support.DefaultListableBeanFactory@53343ed0: defining beans [org.springframework.beans.factory.config.PropertyPlaceholderConfigurer#0,org.springframework.context.annotation.internalConfigurationAnnotationProcessor,org.springframework.context.annotation.internalAutowiredAnnotationProcessor,org.springframework.context.annotation.internalRequiredAnnotationProcessor,org.springframework.context.annotation.internalCommonAnnotationProcessor,serverAMQPConfig,org.springframework.integration.internalDefaultConfiguringBeanFactoryPostProcessor,dbmasterIUDChannel,dbmasterToRemoteChannel,dbmasterFromRemoteChannel,org.springframework.integration.stream.CharacterStreamWritingMessageHandler#0,org.springframework.integration.config.ConsumerEndpointFactoryBean#0,iudGateway,toRemoteGateway,clientIudHandler,amqpInboundGateway,server,org.springframework.integration.config.ServiceActivatorFactoryBean#0,org.springframework.integration.config.ConsumerEndpointFactoryBean#1,iudRabbitTemplate,connectionFactory,rabbitTemplate,jsonMessageConverter,dbmasterRequestQueue,doActualIUDExchange,amqpAdmin,nullChannel,errorChannel,_org.springframework.integration.errorLogger,taskScheduler]; root of factory hierarchy
INFO main org.springframework.scheduling.concurrent.ThreadPoolTaskScheduler - Initializing ExecutorService  'taskScheduler'
INFO main org.springframework.integration.gateway.GatewayProxyFactoryBean$MethodInvocationGateway - started iudGateway
INFO main org.springframework.integration.gateway.GatewayProxyFactoryBean - started iudGateway
INFO main org.springframework.integration.gateway.GatewayProxyFactoryBean$MethodInvocationGateway - started toRemoteGateway
INFO main org.springframework.integration.gateway.GatewayProxyFactoryBean$MethodInvocationGateway - started toRemoteGateway
INFO main org.springframework.integration.gateway.GatewayProxyFactoryBean - started toRemoteGateway
INFO main org.springframework.amqp.rabbit.connection.SingleConnectionFactory - Established shared Rabbit Connection: amqp://guest@localhost:5672/
INFO main org.springframework.context.support.DefaultLifecycleProcessor - Starting beans in phase -2147483648
INFO main org.springframework.integration.endpoint.EventDrivenConsumer - started org.springframework.integration.config.ConsumerEndpointFactoryBean#0
INFO main org.springframework.integration.endpoint.EventDrivenConsumer - started org.springframework.integration.config.ConsumerEndpointFactoryBean#1
DEBUG main org.springframework.amqp.rabbit.core.RabbitTemplate - Executing callback on RabbitMQ Channel: AMQChannel(amqp://guest@localhost:5672/,1)
DEBUG main org.springframework.amqp.rabbit.core.RabbitAdmin - declaring Exchange 'MIS.dbmasterEndpointTopic'
DEBUG main org.springframework.amqp.rabbit.core.RabbitAdmin - declaring Queue 'queue.request'
INFO main org.springframework.integration.endpoint.EventDrivenConsumer - started _org.springframework.integration.errorLogger
INFO main org.springframework.context.support.DefaultLifecycleProcessor - Starting beans in phase 0
INFO main org.springframework.context.support.DefaultLifecycleProcessor - Starting beans in phase 2147483647
INFO main org.springframework.context.support.ClassPathXmlApplicationContext - Refreshing org.springframework.context.support.ClassPathXmlApplicationContext@48d6c16c: startup date [Mon Feb 07 08:49:23 CET 2011]; root of context hierarchy
INFO main org.springframework.beans.factory.xml.XmlBeanDefinitionReader - Loading XML bean definitions from URL [file:/C:/Users/tobias/Documents/workspace26/dbmaster-rabbit/target/classes/META-INF/context.xml]
INFO main org.springframework.beans.factory.xml.XmlBeanDefinitionReader - Loading XML bean definitions from URL [file:/C:/Users/tobias/Documents/workspace26/dbmaster-rabbit/target/classes/META-INF/channels.xml]
INFO main org.springframework.beans.factory.xml.XmlBeanDefinitionReader - Loading XML bean definitions from URL [file:/C:/Users/tobias/Documents/workspace26/dbmaster-rabbit/target/classes/META-INF/handlers.xml]
INFO main org.springframework.beans.factory.support.DefaultListableBeanFactory - Overriding bean definition for bean 'rabbitTemplate': replacing [Root bean: class [null]; scope=; abstract=false; lazyInit=false; autowireMode=3; dependencyCheck=0; autowireCandidate=true; primary=false; factoryBeanName=clientAMQPConfig; factoryMethodName=rabbitTemplate; initMethodName=null; destroyMethodName=null; defined in class path resource [de/mpg/mis/neuesbibliothekssystem/remoting/rabbit/config/client/ClientAMQPConfig.class]] with [Root bean: class [null]; scope=; abstract=false; lazyInit=false; autowireMode=3; dependencyCheck=0; autowireCandidate=true; primary=false; factoryBeanName=clientAMQPConfig; factoryMethodName=rabbitTemplate; initMethodName=null; destroyMethodName=null; defined in class path resource [de/mpg/mis/neuesbibliothekssystem/remoting/rabbit/config/client/ClientAMQPConfig.class]]
INFO main org.springframework.beans.factory.support.DefaultListableBeanFactory - Overriding bean definition for bean 'amqpAdmin': replacing [Root bean: class [null]; scope=; abstract=false; lazyInit=false; autowireMode=3; dependencyCheck=0; autowireCandidate=true; primary=false; factoryBeanName=clientAMQPConfig; factoryMethodName=amqpAdmin; initMethodName=null; destroyMethodName=null; defined in class path resource [de/mpg/mis/neuesbibliothekssystem/remoting/rabbit/config/client/ClientAMQPConfig.class]] with [Root bean: class [null]; scope=; abstract=false; lazyInit=false; autowireMode=3; dependencyCheck=0; autowireCandidate=true; primary=false; factoryBeanName=clientAMQPConfig; factoryMethodName=amqpAdmin; initMethodName=null; destroyMethodName=null; defined in class path resource [de/mpg/mis/neuesbibliothekssystem/remoting/rabbit/config/client/ClientAMQPConfig.class]]
INFO main org.springframework.beans.factory.config.PropertyPlaceholderConfigurer - Loading properties file from file [C:\Users\tobias\Documents\workspace26\dbmaster-rabbit\target\classes\META-INF\amqp.properties]
INFO main org.springframework.integration.config.xml.DefaultConfiguringBeanFactoryPostProcessor - No bean named 'errorChannel' has been explicitly defined. Therefore, a default PublishSubscribeChannel will be created.
INFO main org.springframework.integration.config.xml.DefaultConfiguringBeanFactoryPostProcessor - No bean named 'taskScheduler' has been explicitly defined. Therefore, a default ThreadPoolTaskScheduler will be created.
INFO main org.springframework.beans.factory.support.DefaultListableBeanFactory - Pre-instantiating singletons in org.springframework.beans.factory.support.DefaultListableBeanFactory@53343ed0: defining beans [org.springframework.beans.factory.config.PropertyPlaceholderConfigurer#0,org.springframework.context.annotation.internalConfigurationAnnotationProcessor,org.springframework.context.annotation.internalAutowiredAnnotationProcessor,org.springframework.context.annotation.internalRequiredAnnotationProcessor,org.springframework.context.annotation.internalCommonAnnotationProcessor,clientAMQPConfig,org.springframework.integration.internalDefaultConfiguringBeanFactoryPostProcessor,dbmasterIUDChannel,dbmasterToRemoteChannel,dbmasterFromRemoteChannel,org.springframework.integration.stream.CharacterStreamWritingMessageHandler#0,org.springframework.integration.config.ConsumerEndpointFactoryBean#0,iudGateway,toRemoteGateway,clientIudHandler,org.springframework.integration.config.ConsumerEndpointFactoryBean#1,amqpOutboundGateway,amqpInboundGateway,client,doActualQueue,doActualBinding,connectionFactory,rabbitTemplate,jsonMessageConverter,dbmasterRequestQueue,doActualIUDExchange,amqpAdmin,nullChannel,errorChannel,_org.springframework.integration.errorLogger,taskScheduler]; root of factory hierarchy
INFO main org.springframework.scheduling.concurrent.ThreadPoolTaskScheduler - Initializing ExecutorService  'taskScheduler'
INFO main org.springframework.integration.gateway.GatewayProxyFactoryBean$MethodInvocationGateway - started iudGateway
INFO main org.springframework.integration.gateway.GatewayProxyFactoryBean - started iudGateway
INFO main org.springframework.integration.gateway.GatewayProxyFactoryBean$MethodInvocationGateway - started toRemoteGateway
INFO main org.springframework.integration.gateway.GatewayProxyFactoryBean$MethodInvocationGateway - started toRemoteGateway
INFO main org.springframework.integration.gateway.GatewayProxyFactoryBean - started toRemoteGateway
INFO main org.springframework.amqp.rabbit.connection.SingleConnectionFactory - Established shared Rabbit Connection: amqp://guest@localhost:5672/
DEBUG main org.springframework.amqp.rabbit.core.RabbitTemplate - Executing callback on RabbitMQ Channel: AMQChannel(amqp://guest@localhost:5672/,1)
INFO main org.springframework.context.support.DefaultLifecycleProcessor - Starting beans in phase -2147483648
INFO main org.springframework.integration.endpoint.EventDrivenConsumer - started org.springframework.integration.config.ConsumerEndpointFactoryBean#0
INFO main org.springframework.integration.endpoint.EventDrivenConsumer - started org.springframework.integration.config.ConsumerEndpointFactoryBean#1
DEBUG main org.springframework.amqp.rabbit.core.RabbitTemplate - Executing callback on RabbitMQ Channel: AMQChannel(amqp://guest@localhost:5672/,1)
DEBUG main org.springframework.amqp.rabbit.core.RabbitAdmin - declaring Exchange 'MIS.dbmasterEndpointTopic'
DEBUG main org.springframework.amqp.rabbit.core.RabbitAdmin - Queue with name that starts with 'amq.' cannot be declared.
DEBUG main org.springframework.amqp.rabbit.core.RabbitAdmin - declaring Queue 'queue.request'
DEBUG main org.springframework.amqp.rabbit.core.RabbitAdmin - Binding queue [amq.gen-E3o3igSrrkQlltf7FreZ3A==] to exchange [MIS.dbmasterEndpointTopic] with routing key [MIS.dbmasterEndpointTopic.#]
INFO main org.springframework.integration.endpoint.EventDrivenConsumer - started _org.springframework.integration.errorLogger
INFO main org.springframework.context.support.DefaultLifecycleProcessor - Starting beans in phase 0
INFO main org.springframework.context.support.DefaultLifecycleProcessor - Starting beans in phase 2147483647
DEBUG main org.springframework.amqp.rabbit.core.RabbitTemplate - Executing callback on RabbitMQ Channel: AMQChannel(amqp://guest@localhost:5672/,6)
DEBUG main org.springframework.amqp.rabbit.core.RabbitTemplate - Publishing message on exchange [], routingKey = [queue.request]
DEBUG SimpleAsyncTaskExecutor-3 org.springframework.amqp.rabbit.core.RabbitTemplate - Executing callback on RabbitMQ Channel: AMQChannel(amqp://guest@localhost:5672/,6)
DEBUG SimpleAsyncTaskExecutor-3 org.springframework.amqp.rabbit.core.RabbitTemplate - Publishing message on exchange [], routingKey = [MIS.dbmasterEndpointTopic.ALL]
INFO main org.springframework.context.support.ClassPathXmlApplicationContext - Refreshing org.springframework.context.support.ClassPathXmlApplicationContext@48d6c16c: startup date [Mon Feb 07 08:51:06 CET 2011]; root of context hierarchy
INFO main org.springframework.beans.factory.xml.XmlBeanDefinitionReader - Loading XML bean definitions from URL [file:/C:/Users/tobias/Documents/workspace26/dbmaster-rabbit/target/classes/META-INF/context-server.xml]
INFO main org.springframework.beans.factory.xml.XmlBeanDefinitionReader - Loading XML bean definitions from URL [file:/C:/Users/tobias/Documents/workspace26/dbmaster-rabbit/target/classes/META-INF/channels.xml]
INFO main org.springframework.beans.factory.xml.XmlBeanDefinitionReader - Loading XML bean definitions from URL [file:/C:/Users/tobias/Documents/workspace26/dbmaster-rabbit/target/classes/META-INF/handlers.xml]
INFO main org.springframework.beans.factory.support.DefaultListableBeanFactory - Overriding bean definition for bean 'rabbitTemplate': replacing [Root bean: class [null]; scope=; abstract=false; lazyInit=false; autowireMode=3; dependencyCheck=0; autowireCandidate=true; primary=false; factoryBeanName=serverAMQPConfig; factoryMethodName=rabbitTemplate; initMethodName=null; destroyMethodName=null; defined in class path resource [de/mpg/mis/neuesbibliothekssystem/remoting/rabbit/config/server/ServerAMQPConfig.class]] with [Root bean: class [null]; scope=; abstract=false; lazyInit=false; autowireMode=3; dependencyCheck=0; autowireCandidate=true; primary=false; factoryBeanName=serverAMQPConfig; factoryMethodName=rabbitTemplate; initMethodName=null; destroyMethodName=null; defined in class path resource [de/mpg/mis/neuesbibliothekssystem/remoting/rabbit/config/server/ServerAMQPConfig.class]]
INFO main org.springframework.beans.factory.support.DefaultListableBeanFactory - Overriding bean definition for bean 'amqpAdmin': replacing [Root bean: class [null]; scope=; abstract=false; lazyInit=false; autowireMode=3; dependencyCheck=0; autowireCandidate=true; primary=false; factoryBeanName=serverAMQPConfig; factoryMethodName=amqpAdmin; initMethodName=null; destroyMethodName=null; defined in class path resource [de/mpg/mis/neuesbibliothekssystem/remoting/rabbit/config/server/ServerAMQPConfig.class]] with [Root bean: class [null]; scope=; abstract=false; lazyInit=false; autowireMode=3; dependencyCheck=0; autowireCandidate=true; primary=false; factoryBeanName=serverAMQPConfig; factoryMethodName=amqpAdmin; initMethodName=null; destroyMethodName=null; defined in class path resource [de/mpg/mis/neuesbibliothekssystem/remoting/rabbit/config/server/ServerAMQPConfig.class]]
INFO main org.springframework.beans.factory.config.PropertyPlaceholderConfigurer - Loading properties file from file [C:\Users\tobias\Documents\workspace26\dbmaster-rabbit\target\classes\META-INF\amqp.properties]
INFO main org.springframework.integration.config.xml.DefaultConfiguringBeanFactoryPostProcessor - No bean named 'errorChannel' has been explicitly defined. Therefore, a default PublishSubscribeChannel will be created.
INFO main org.springframework.integration.config.xml.DefaultConfiguringBeanFactoryPostProcessor - No bean named 'taskScheduler' has been explicitly defined. Therefore, a default ThreadPoolTaskScheduler will be created.
INFO main org.springframework.beans.factory.support.DefaultListableBeanFactory - Pre-instantiating singletons in org.springframework.beans.factory.support.DefaultListableBeanFactory@373c0b53: defining beans [org.springframework.beans.factory.config.PropertyPlaceholderConfigurer#0,org.springframework.context.annotation.internalConfigurationAnnotationProcessor,org.springframework.context.annotation.internalAutowiredAnnotationProcessor,org.springframework.context.annotation.internalRequiredAnnotationProcessor,org.springframework.context.annotation.internalCommonAnnotationProcessor,serverAMQPConfig,org.springframework.integration.internalDefaultConfiguringBeanFactoryPostProcessor,dbmasterIUDChannel,dbmasterToRemoteChannel,dbmasterFromRemoteChannel,org.springframework.integration.stream.CharacterStreamWritingMessageHandler#0,org.springframework.integration.config.ConsumerEndpointFactoryBean#0,iudGateway,toRemoteGateway,clientIudHandler,amqpInboundGateway,server,org.springframework.integration.config.ServiceActivatorFactoryBean#0,org.springframework.integration.config.ConsumerEndpointFactoryBean#1,iudRabbitTemplate,connectionFactory,rabbitTemplate,jsonMessageConverter,dbmasterRequestQueue,doActualIUDExchange,amqpAdmin,nullChannel,errorChannel,_org.springframework.integration.errorLogger,taskScheduler]; root of factory hierarchy
INFO main org.springframework.scheduling.concurrent.ThreadPoolTaskScheduler - Initializing ExecutorService  'taskScheduler'
INFO main org.springframework.integration.gateway.GatewayProxyFactoryBean$MethodInvocationGateway - started iudGateway
INFO main org.springframework.integration.gateway.GatewayProxyFactoryBean - started iudGateway
INFO main org.springframework.integration.gateway.GatewayProxyFactoryBean$MethodInvocationGateway - started toRemoteGateway
INFO main org.springframework.integration.gateway.GatewayProxyFactoryBean$MethodInvocationGateway - started toRemoteGateway
INFO main org.springframework.integration.gateway.GatewayProxyFactoryBean - started toRemoteGateway
INFO main org.springframework.amqp.rabbit.connection.SingleConnectionFactory - Established shared Rabbit Connection: amqp://guest@localhost:5672/
INFO main org.springframework.context.support.DefaultLifecycleProcessor - Starting beans in phase -2147483648
INFO main org.springframework.integration.endpoint.EventDrivenConsumer - started org.springframework.integration.config.ConsumerEndpointFactoryBean#0
INFO main org.springframework.integration.endpoint.EventDrivenConsumer - started org.springframework.integration.config.ConsumerEndpointFactoryBean#1
DEBUG main org.springframework.amqp.rabbit.core.RabbitTemplate - Executing callback on RabbitMQ Channel: AMQChannel(amqp://guest@localhost:5672/,1)
DEBUG main org.springframework.amqp.rabbit.core.RabbitAdmin - declaring Exchange 'MIS.dbmasterEndpointTopic'
DEBUG main org.springframework.amqp.rabbit.core.RabbitAdmin - declaring Queue 'queue.request'
INFO main org.springframework.integration.endpoint.EventDrivenConsumer - started _org.springframework.integration.errorLogger
INFO main org.springframework.context.support.DefaultLifecycleProcessor - Starting beans in phase 0
INFO main org.springframework.context.support.DefaultLifecycleProcessor - Starting beans in phase 2147483647
INFO main org.springframework.context.support.ClassPathXmlApplicationContext - Refreshing org.springframework.context.support.ClassPathXmlApplicationContext@b34bed0: startup date [Mon Feb 07 08:51:14 CET 2011]; root of context hierarchy
INFO main org.springframework.beans.factory.xml.XmlBeanDefinitionReader - Loading XML bean definitions from URL [file:/C:/Users/tobias/Documents/workspace26/dbmaster-rabbit/target/classes/META-INF/context.xml]
INFO main org.springframework.beans.factory.xml.XmlBeanDefinitionReader - Loading XML bean definitions from URL [file:/C:/Users/tobias/Documents/workspace26/dbmaster-rabbit/target/classes/META-INF/channels.xml]
INFO main org.springframework.beans.factory.xml.XmlBeanDefinitionReader - Loading XML bean definitions from URL [file:/C:/Users/tobias/Documents/workspace26/dbmaster-rabbit/target/classes/META-INF/handlers.xml]
INFO main org.springframework.beans.factory.support.DefaultListableBeanFactory - Overriding bean definition for bean 'rabbitTemplate': replacing [Root bean: class [null]; scope=; abstract=false; lazyInit=false; autowireMode=3; dependencyCheck=0; autowireCandidate=true; primary=false; factoryBeanName=clientAMQPConfig; factoryMethodName=rabbitTemplate; initMethodName=null; destroyMethodName=null; defined in class path resource [de/mpg/mis/neuesbibliothekssystem/remoting/rabbit/config/client/ClientAMQPConfig.class]] with [Root bean: class [null]; scope=; abstract=false; lazyInit=false; autowireMode=3; dependencyCheck=0; autowireCandidate=true; primary=false; factoryBeanName=clientAMQPConfig; factoryMethodName=rabbitTemplate; initMethodName=null; destroyMethodName=null; defined in class path resource [de/mpg/mis/neuesbibliothekssystem/remoting/rabbit/config/client/ClientAMQPConfig.class]]
INFO main org.springframework.beans.factory.support.DefaultListableBeanFactory - Overriding bean definition for bean 'amqpAdmin': replacing [Root bean: class [null]; scope=; abstract=false; lazyInit=false; autowireMode=3; dependencyCheck=0; autowireCandidate=true; primary=false; factoryBeanName=clientAMQPConfig; factoryMethodName=amqpAdmin; initMethodName=null; destroyMethodName=null; defined in class path resource [de/mpg/mis/neuesbibliothekssystem/remoting/rabbit/config/client/ClientAMQPConfig.class]] with [Root bean: class [null]; scope=; abstract=false; lazyInit=false; autowireMode=3; dependencyCheck=0; autowireCandidate=true; primary=false; factoryBeanName=clientAMQPConfig; factoryMethodName=amqpAdmin; initMethodName=null; destroyMethodName=null; defined in class path resource [de/mpg/mis/neuesbibliothekssystem/remoting/rabbit/config/client/ClientAMQPConfig.class]]
INFO main org.springframework.beans.factory.config.PropertyPlaceholderConfigurer - Loading properties file from file [C:\Users\tobias\Documents\workspace26\dbmaster-rabbit\target\classes\META-INF\amqp.properties]
INFO main org.springframework.integration.config.xml.DefaultConfiguringBeanFactoryPostProcessor - No bean named 'errorChannel' has been explicitly defined. Therefore, a default PublishSubscribeChannel will be created.
INFO main org.springframework.integration.config.xml.DefaultConfiguringBeanFactoryPostProcessor - No bean named 'taskScheduler' has been explicitly defined. Therefore, a default ThreadPoolTaskScheduler will be created.
INFO main org.springframework.beans.factory.support.DefaultListableBeanFactory - Pre-instantiating singletons in org.springframework.beans.factory.support.DefaultListableBeanFactory@b92a848: defining beans [org.springframework.beans.factory.config.PropertyPlaceholderConfigurer#0,org.springframework.context.annotation.internalConfigurationAnnotationProcessor,org.springframework.context.annotation.internalAutowiredAnnotationProcessor,org.springframework.context.annotation.internalRequiredAnnotationProcessor,org.springframework.context.annotation.internalCommonAnnotationProcessor,clientAMQPConfig,org.springframework.integration.internalDefaultConfiguringBeanFactoryPostProcessor,dbmasterIUDChannel,dbmasterToRemoteChannel,dbmasterFromRemoteChannel,org.springframework.integration.stream.CharacterStreamWritingMessageHandler#0,org.springframework.integration.config.ConsumerEndpointFactoryBean#0,iudGateway,toRemoteGateway,clientIudHandler,org.springframework.integration.config.ConsumerEndpointFactoryBean#1,amqpOutboundGateway,amqpInboundGateway,client,doActualQueue,doActualBinding,connectionFactory,rabbitTemplate,jsonMessageConverter,dbmasterRequestQueue,doActualIUDExchange,amqpAdmin,nullChannel,errorChannel,_org.springframework.integration.errorLogger,taskScheduler]; root of factory hierarchy
INFO main org.springframework.scheduling.concurrent.ThreadPoolTaskScheduler - Initializing ExecutorService  'taskScheduler'
INFO main org.springframework.integration.gateway.GatewayProxyFactoryBean$MethodInvocationGateway - started iudGateway
INFO main org.springframework.integration.gateway.GatewayProxyFactoryBean - started iudGateway
INFO main org.springframework.integration.gateway.GatewayProxyFactoryBean$MethodInvocationGateway - started toRemoteGateway
INFO main org.springframework.integration.gateway.GatewayProxyFactoryBean$MethodInvocationGateway - started toRemoteGateway
INFO main org.springframework.integration.gateway.GatewayProxyFactoryBean - started toRemoteGateway
INFO main org.springframework.amqp.rabbit.connection.SingleConnectionFactory - Established shared Rabbit Connection: amqp://guest@localhost:5672/
DEBUG main org.springframework.amqp.rabbit.core.RabbitTemplate - Executing callback on RabbitMQ Channel: AMQChannel(amqp://guest@localhost:5672/,1)
INFO main org.springframework.context.support.DefaultLifecycleProcessor - Starting beans in phase -2147483648
INFO main org.springframework.integration.endpoint.EventDrivenConsumer - started org.springframework.integration.config.ConsumerEndpointFactoryBean#0
INFO main org.springframework.integration.endpoint.EventDrivenConsumer - started org.springframework.integration.config.ConsumerEndpointFactoryBean#1
DEBUG main org.springframework.amqp.rabbit.core.RabbitTemplate - Executing callback on RabbitMQ Channel: AMQChannel(amqp://guest@localhost:5672/,1)
DEBUG main org.springframework.amqp.rabbit.core.RabbitAdmin - declaring Exchange 'MIS.dbmasterEndpointTopic'
DEBUG main org.springframework.amqp.rabbit.core.RabbitAdmin - Queue with name that starts with 'amq.' cannot be declared.
DEBUG main org.springframework.amqp.rabbit.core.RabbitAdmin - declaring Queue 'queue.request'
DEBUG main org.springframework.amqp.rabbit.core.RabbitAdmin - Binding queue [amq.gen-lOfLRmUiwuyR4as+lWDL2Q==] to exchange [MIS.dbmasterEndpointTopic] with routing key [MIS.dbmasterEndpointTopic.#]
INFO main org.springframework.integration.endpoint.EventDrivenConsumer - started _org.springframework.integration.errorLogger
INFO main org.springframework.context.support.DefaultLifecycleProcessor - Starting beans in phase 0
INFO main org.springframework.context.support.DefaultLifecycleProcessor - Starting beans in phase 2147483647
DEBUG main org.springframework.amqp.rabbit.core.RabbitTemplate - Executing callback on RabbitMQ Channel: AMQChannel(amqp://guest@localhost:5672/,6)
DEBUG main org.springframework.amqp.rabbit.core.RabbitTemplate - Publishing message on exchange [], routingKey = [queue.request]
DEBUG SimpleAsyncTaskExecutor-4 org.springframework.amqp.rabbit.core.RabbitTemplate - Executing callback on RabbitMQ Channel: AMQChannel(amqp://guest@localhost:5672/,6)
DEBUG SimpleAsyncTaskExecutor-4 org.springframework.amqp.rabbit.core.RabbitTemplate - Publishing message on exchange [], routingKey = [MIS.dbmasterEndpointTopic.ALL]
INFO main org.springframework.context.support.ClassPathXmlApplicationContext - Refreshing org.springframework.context.support.ClassPathXmlApplicationContext@b34bed0: startup date [Mon Feb 07 08:51:45 CET 2011]; root of context hierarchy
INFO main org.springframework.beans.factory.xml.XmlBeanDefinitionReader - Loading XML bean definitions from URL [file:/C:/Users/tobias/Documents/workspace26/dbmaster-rabbit/target/classes/META-INF/context-server.xml]
INFO main org.springframework.beans.factory.xml.XmlBeanDefinitionReader - Loading XML bean definitions from URL [file:/C:/Users/tobias/Documents/workspace26/dbmaster-rabbit/target/classes/META-INF/channels.xml]
INFO main org.springframework.beans.factory.xml.XmlBeanDefinitionReader - Loading XML bean definitions from URL [file:/C:/Users/tobias/Documents/workspace26/dbmaster-rabbit/target/classes/META-INF/handlers.xml]
INFO main org.springframework.beans.factory.support.DefaultListableBeanFactory - Overriding bean definition for bean 'rabbitTemplate': replacing [Root bean: class [null]; scope=; abstract=false; lazyInit=false; autowireMode=3; dependencyCheck=0; autowireCandidate=true; primary=false; factoryBeanName=serverAMQPConfig; factoryMethodName=rabbitTemplate; initMethodName=null; destroyMethodName=null; defined in class path resource [de/mpg/mis/neuesbibliothekssystem/remoting/rabbit/config/server/ServerAMQPConfig.class]] with [Root bean: class [null]; scope=; abstract=false; lazyInit=false; autowireMode=3; dependencyCheck=0; autowireCandidate=true; primary=false; factoryBeanName=serverAMQPConfig; factoryMethodName=rabbitTemplate; initMethodName=null; destroyMethodName=null; defined in class path resource [de/mpg/mis/neuesbibliothekssystem/remoting/rabbit/config/server/ServerAMQPConfig.class]]
INFO main org.springframework.beans.factory.support.DefaultListableBeanFactory - Overriding bean definition for bean 'amqpAdmin': replacing [Root bean: class [null]; scope=; abstract=false; lazyInit=false; autowireMode=3; dependencyCheck=0; autowireCandidate=true; primary=false; factoryBeanName=serverAMQPConfig; factoryMethodName=amqpAdmin; initMethodName=null; destroyMethodName=null; defined in class path resource [de/mpg/mis/neuesbibliothekssystem/remoting/rabbit/config/server/ServerAMQPConfig.class]] with [Root bean: class [null]; scope=; abstract=false; lazyInit=false; autowireMode=3; dependencyCheck=0; autowireCandidate=true; primary=false; factoryBeanName=serverAMQPConfig; factoryMethodName=amqpAdmin; initMethodName=null; destroyMethodName=null; defined in class path resource [de/mpg/mis/neuesbibliothekssystem/remoting/rabbit/config/server/ServerAMQPConfig.class]]
INFO main org.springframework.beans.factory.config.PropertyPlaceholderConfigurer - Loading properties file from file [C:\Users\tobias\Documents\workspace26\dbmaster-rabbit\target\classes\META-INF\amqp.properties]
INFO main org.springframework.integration.config.xml.DefaultConfiguringBeanFactoryPostProcessor - No bean named 'errorChannel' has been explicitly defined. Therefore, a default PublishSubscribeChannel will be created.
INFO main org.springframework.integration.config.xml.DefaultConfiguringBeanFactoryPostProcessor - No bean named 'taskScheduler' has been explicitly defined. Therefore, a default ThreadPoolTaskScheduler will be created.
INFO main org.springframework.beans.factory.support.DefaultListableBeanFactory - Pre-instantiating singletons in org.springframework.beans.factory.support.DefaultListableBeanFactory@496614e7: defining beans [org.springframework.beans.factory.config.PropertyPlaceholderConfigurer#0,org.springframework.context.annotation.internalConfigurationAnnotationProcessor,org.springframework.context.annotation.internalAutowiredAnnotationProcessor,org.springframework.context.annotation.internalRequiredAnnotationProcessor,org.springframework.context.annotation.internalCommonAnnotationProcessor,serverAMQPConfig,org.springframework.integration.internalDefaultConfiguringBeanFactoryPostProcessor,dbmasterIUDChannel,dbmasterToRemoteChannel,dbmasterFromRemoteChannel,org.springframework.integration.stream.CharacterStreamWritingMessageHandler#0,org.springframework.integration.config.ConsumerEndpointFactoryBean#0,iudGateway,toRemoteGateway,clientIudHandler,amqpInboundGateway,server,org.springframework.integration.config.ServiceActivatorFactoryBean#0,org.springframework.integration.config.ConsumerEndpointFactoryBean#1,iudRabbitTemplate,connectionFactory,rabbitTemplate,jsonMessageConverter,dbmasterRequestQueue,doActualIUDExchange,amqpAdmin,nullChannel,errorChannel,_org.springframework.integration.errorLogger,taskScheduler]; root of factory hierarchy
INFO main org.springframework.scheduling.concurrent.ThreadPoolTaskScheduler - Initializing ExecutorService  'taskScheduler'
INFO main org.springframework.integration.gateway.GatewayProxyFactoryBean$MethodInvocationGateway - started iudGateway
INFO main org.springframework.integration.gateway.GatewayProxyFactoryBean - started iudGateway
INFO main org.springframework.integration.gateway.GatewayProxyFactoryBean$MethodInvocationGateway - started toRemoteGateway
INFO main org.springframework.integration.gateway.GatewayProxyFactoryBean$MethodInvocationGateway - started toRemoteGateway
INFO main org.springframework.integration.gateway.GatewayProxyFactoryBean - started toRemoteGateway
INFO main org.springframework.amqp.rabbit.connection.SingleConnectionFactory - Established shared Rabbit Connection: amqp://guest@localhost:5672/
INFO main org.springframework.context.support.DefaultLifecycleProcessor - Starting beans in phase -2147483648
INFO main org.springframework.integration.endpoint.EventDrivenConsumer - started org.springframework.integration.config.ConsumerEndpointFactoryBean#0
INFO main org.springframework.integration.endpoint.EventDrivenConsumer - started org.springframework.integration.config.ConsumerEndpointFactoryBean#1
DEBUG main org.springframework.amqp.rabbit.core.RabbitTemplate - Executing callback on RabbitMQ Channel: AMQChannel(amqp://guest@localhost:5672/,1)
DEBUG main org.springframework.amqp.rabbit.core.RabbitAdmin - declaring Exchange 'MIS.dbmasterEndpointTopic'
DEBUG main org.springframework.amqp.rabbit.core.RabbitAdmin - declaring Queue 'queue.request'
INFO main org.springframework.integration.endpoint.EventDrivenConsumer - started _org.springframework.integration.errorLogger
INFO main org.springframework.context.support.DefaultLifecycleProcessor - Starting beans in phase 0
INFO main org.springframework.context.support.DefaultLifecycleProcessor - Starting beans in phase 2147483647
INFO main org.springframework.context.support.ClassPathXmlApplicationContext - Refreshing org.springframework.context.support.ClassPathXmlApplicationContext@33db4f6f: startup date [Mon Feb 07 08:51:50 CET 2011]; root of context hierarchy
INFO main org.springframework.beans.factory.xml.XmlBeanDefinitionReader - Loading XML bean definitions from URL [file:/C:/Users/tobias/Documents/workspace26/dbmaster-rabbit/target/classes/META-INF/context.xml]
INFO main org.springframework.beans.factory.xml.XmlBeanDefinitionReader - Loading XML bean definitions from URL [file:/C:/Users/tobias/Documents/workspace26/dbmaster-rabbit/target/classes/META-INF/channels.xml]
INFO main org.springframework.beans.factory.xml.XmlBeanDefinitionReader - Loading XML bean definitions from URL [file:/C:/Users/tobias/Documents/workspace26/dbmaster-rabbit/target/classes/META-INF/handlers.xml]
INFO main org.springframework.beans.factory.support.DefaultListableBeanFactory - Overriding bean definition for bean 'rabbitTemplate': replacing [Root bean: class [null]; scope=; abstract=false; lazyInit=false; autowireMode=3; dependencyCheck=0; autowireCandidate=true; primary=false; factoryBeanName=clientAMQPConfig; factoryMethodName=rabbitTemplate; initMethodName=null; destroyMethodName=null; defined in class path resource [de/mpg/mis/neuesbibliothekssystem/remoting/rabbit/config/client/ClientAMQPConfig.class]] with [Root bean: class [null]; scope=; abstract=false; lazyInit=false; autowireMode=3; dependencyCheck=0; autowireCandidate=true; primary=false; factoryBeanName=clientAMQPConfig; factoryMethodName=rabbitTemplate; initMethodName=null; destroyMethodName=null; defined in class path resource [de/mpg/mis/neuesbibliothekssystem/remoting/rabbit/config/client/ClientAMQPConfig.class]]
INFO main org.springframework.beans.factory.support.DefaultListableBeanFactory - Overriding bean definition for bean 'amqpAdmin': replacing [Root bean: class [null]; scope=; abstract=false; lazyInit=false; autowireMode=3; dependencyCheck=0; autowireCandidate=true; primary=false; factoryBeanName=clientAMQPConfig; factoryMethodName=amqpAdmin; initMethodName=null; destroyMethodName=null; defined in class path resource [de/mpg/mis/neuesbibliothekssystem/remoting/rabbit/config/client/ClientAMQPConfig.class]] with [Root bean: class [null]; scope=; abstract=false; lazyInit=false; autowireMode=3; dependencyCheck=0; autowireCandidate=true; primary=false; factoryBeanName=clientAMQPConfig; factoryMethodName=amqpAdmin; initMethodName=null; destroyMethodName=null; defined in class path resource [de/mpg/mis/neuesbibliothekssystem/remoting/rabbit/config/client/ClientAMQPConfig.class]]
INFO main org.springframework.beans.factory.config.PropertyPlaceholderConfigurer - Loading properties file from file [C:\Users\tobias\Documents\workspace26\dbmaster-rabbit\target\classes\META-INF\amqp.properties]
INFO main org.springframework.integration.config.xml.DefaultConfiguringBeanFactoryPostProcessor - No bean named 'errorChannel' has been explicitly defined. Therefore, a default PublishSubscribeChannel will be created.
INFO main org.springframework.integration.config.xml.DefaultConfiguringBeanFactoryPostProcessor - No bean named 'taskScheduler' has been explicitly defined. Therefore, a default ThreadPoolTaskScheduler will be created.
INFO main org.springframework.beans.factory.support.DefaultListableBeanFactory - Pre-instantiating singletons in org.springframework.beans.factory.support.DefaultListableBeanFactory@470b9279: defining beans [org.springframework.beans.factory.config.PropertyPlaceholderConfigurer#0,org.springframework.context.annotation.internalConfigurationAnnotationProcessor,org.springframework.context.annotation.internalAutowiredAnnotationProcessor,org.springframework.context.annotation.internalRequiredAnnotationProcessor,org.springframework.context.annotation.internalCommonAnnotationProcessor,clientAMQPConfig,org.springframework.integration.internalDefaultConfiguringBeanFactoryPostProcessor,dbmasterIUDChannel,dbmasterToRemoteChannel,dbmasterFromRemoteChannel,org.springframework.integration.stream.CharacterStreamWritingMessageHandler#0,org.springframework.integration.config.ConsumerEndpointFactoryBean#0,iudGateway,toRemoteGateway,clientIudHandler,org.springframework.integration.config.ConsumerEndpointFactoryBean#1,amqpOutboundGateway,amqpInboundGateway,client,doActualQueue,doActualBinding,connectionFactory,rabbitTemplate,jsonMessageConverter,dbmasterRequestQueue,doActualIUDExchange,amqpAdmin,nullChannel,errorChannel,_org.springframework.integration.errorLogger,taskScheduler]; root of factory hierarchy
INFO main org.springframework.scheduling.concurrent.ThreadPoolTaskScheduler - Initializing ExecutorService  'taskScheduler'
INFO main org.springframework.integration.gateway.GatewayProxyFactoryBean$MethodInvocationGateway - started iudGateway
INFO main org.springframework.integration.gateway.GatewayProxyFactoryBean - started iudGateway
INFO main org.springframework.integration.gateway.GatewayProxyFactoryBean$MethodInvocationGateway - started toRemoteGateway
INFO main org.springframework.integration.gateway.GatewayProxyFactoryBean$MethodInvocationGateway - started toRemoteGateway
INFO main org.springframework.integration.gateway.GatewayProxyFactoryBean - started toRemoteGateway
INFO main org.springframework.amqp.rabbit.connection.SingleConnectionFactory - Established shared Rabbit Connection: amqp://guest@localhost:5672/
DEBUG main org.springframework.amqp.rabbit.core.RabbitTemplate - Executing callback on RabbitMQ Channel: AMQChannel(amqp://guest@localhost:5672/,1)
INFO main org.springframework.context.support.DefaultLifecycleProcessor - Starting beans in phase -2147483648
INFO main org.springframework.integration.endpoint.EventDrivenConsumer - started org.springframework.integration.config.ConsumerEndpointFactoryBean#0
INFO main org.springframework.integration.endpoint.EventDrivenConsumer - started org.springframework.integration.config.ConsumerEndpointFactoryBean#1
DEBUG main org.springframework.amqp.rabbit.core.RabbitTemplate - Executing callback on RabbitMQ Channel: AMQChannel(amqp://guest@localhost:5672/,1)
DEBUG main org.springframework.amqp.rabbit.core.RabbitAdmin - declaring Exchange 'MIS.dbmasterEndpointTopic'
DEBUG main org.springframework.amqp.rabbit.core.RabbitAdmin - Queue with name that starts with 'amq.' cannot be declared.
DEBUG main org.springframework.amqp.rabbit.core.RabbitAdmin - declaring Queue 'queue.request'
DEBUG main org.springframework.amqp.rabbit.core.RabbitAdmin - Binding queue [amq.gen-Bb1q7RHMALdJT2cZhVIDtQ==] to exchange [MIS.dbmasterEndpointTopic] with routing key [MIS.dbmasterEndpointTopic.#]
INFO main org.springframework.integration.endpoint.EventDrivenConsumer - started _org.springframework.integration.errorLogger
INFO main org.springframework.context.support.DefaultLifecycleProcessor - Starting beans in phase 0
INFO main org.springframework.context.support.DefaultLifecycleProcessor - Starting beans in phase 2147483647
DEBUG main org.springframework.amqp.rabbit.core.RabbitTemplate - Executing callback on RabbitMQ Channel: AMQChannel(amqp://guest@localhost:5672/,6)
DEBUG main org.springframework.amqp.rabbit.core.RabbitTemplate - Publishing message on exchange [], routingKey = [queue.request]
DEBUG SimpleAsyncTaskExecutor-3 org.springframework.amqp.rabbit.core.RabbitTemplate - Executing callback on RabbitMQ Channel: AMQChannel(amqp://guest@localhost:5672/,6)
DEBUG SimpleAsyncTaskExecutor-3 org.springframework.amqp.rabbit.core.RabbitTemplate - Publishing message on exchange [MIS.dbmasterEndpointTopic], routingKey = [MIS.dbmasterEndpointTopic.ALL]
INFO main org.springframework.context.support.ClassPathXmlApplicationContext - Refreshing org.springframework.context.support.ClassPathXmlApplicationContext@48d6c16c: startup date [Mon Feb 07 09:00:20 CET 2011]; root of context hierarchy
INFO main org.springframework.beans.factory.xml.XmlBeanDefinitionReader - Loading XML bean definitions from URL [file:/C:/Users/tobias/Documents/workspace26/dbmaster-rabbit/target/classes/META-INF/context.xml]
INFO main org.springframework.beans.factory.xml.XmlBeanDefinitionReader - Loading XML bean definitions from URL [file:/C:/Users/tobias/Documents/workspace26/dbmaster-rabbit/target/classes/META-INF/channels.xml]
INFO main org.springframework.beans.factory.xml.XmlBeanDefinitionReader - Loading XML bean definitions from URL [file:/C:/Users/tobias/Documents/workspace26/dbmaster-rabbit/target/classes/META-INF/handlers.xml]
INFO main org.springframework.beans.factory.support.DefaultListableBeanFactory - Overriding bean definition for bean 'rabbitTemplate': replacing [Root bean: class [null]; scope=; abstract=false; lazyInit=false; autowireMode=3; dependencyCheck=0; autowireCandidate=true; primary=false; factoryBeanName=clientAMQPConfig; factoryMethodName=rabbitTemplate; initMethodName=null; destroyMethodName=null; defined in class path resource [de/mpg/mis/neuesbibliothekssystem/remoting/rabbit/config/client/ClientAMQPConfig.class]] with [Root bean: class [null]; scope=; abstract=false; lazyInit=false; autowireMode=3; dependencyCheck=0; autowireCandidate=true; primary=false; factoryBeanName=clientAMQPConfig; factoryMethodName=rabbitTemplate; initMethodName=null; destroyMethodName=null; defined in class path resource [de/mpg/mis/neuesbibliothekssystem/remoting/rabbit/config/client/ClientAMQPConfig.class]]
INFO main org.springframework.beans.factory.support.DefaultListableBeanFactory - Overriding bean definition for bean 'amqpAdmin': replacing [Root bean: class [null]; scope=; abstract=false; lazyInit=false; autowireMode=3; dependencyCheck=0; autowireCandidate=true; primary=false; factoryBeanName=clientAMQPConfig; factoryMethodName=amqpAdmin; initMethodName=null; destroyMethodName=null; defined in class path resource [de/mpg/mis/neuesbibliothekssystem/remoting/rabbit/config/client/ClientAMQPConfig.class]] with [Root bean: class [null]; scope=; abstract=false; lazyInit=false; autowireMode=3; dependencyCheck=0; autowireCandidate=true; primary=false; factoryBeanName=clientAMQPConfig; factoryMethodName=amqpAdmin; initMethodName=null; destroyMethodName=null; defined in class path resource [de/mpg/mis/neuesbibliothekssystem/remoting/rabbit/config/client/ClientAMQPConfig.class]]
INFO main org.springframework.beans.factory.config.PropertyPlaceholderConfigurer - Loading properties file from file [C:\Users\tobias\Documents\workspace26\dbmaster-rabbit\target\classes\META-INF\amqp.properties]
INFO main org.springframework.integration.config.xml.DefaultConfiguringBeanFactoryPostProcessor - No bean named 'errorChannel' has been explicitly defined. Therefore, a default PublishSubscribeChannel will be created.
INFO main org.springframework.integration.config.xml.DefaultConfiguringBeanFactoryPostProcessor - No bean named 'taskScheduler' has been explicitly defined. Therefore, a default ThreadPoolTaskScheduler will be created.
INFO main org.springframework.beans.factory.support.DefaultListableBeanFactory - Pre-instantiating singletons in org.springframework.beans.factory.support.DefaultListableBeanFactory@2cba5bdb: defining beans [org.springframework.beans.factory.config.PropertyPlaceholderConfigurer#0,org.springframework.context.annotation.internalConfigurationAnnotationProcessor,org.springframework.context.annotation.internalAutowiredAnnotationProcessor,org.springframework.context.annotation.internalRequiredAnnotationProcessor,org.springframework.context.annotation.internalCommonAnnotationProcessor,clientAMQPConfig,org.springframework.integration.internalDefaultConfiguringBeanFactoryPostProcessor,dbmasterIUDChannel,dbmasterToRemoteChannel,dbmasterFromRemoteChannel,org.springframework.integration.stream.CharacterStreamWritingMessageHandler#0,org.springframework.integration.config.ConsumerEndpointFactoryBean#0,iudGateway,toRemoteGateway,clientIudHandler,org.springframework.integration.config.ConsumerEndpointFactoryBean#1,amqpOutboundGateway,amqpInboundGateway,client,doActualQueue,doActualBinding,connectionFactory,rabbitTemplate,jsonMessageConverter,dbmasterRequestQueue,doActualIUDExchange,amqpAdmin,nullChannel,errorChannel,_org.springframework.integration.errorLogger,taskScheduler]; root of factory hierarchy
INFO main org.springframework.scheduling.concurrent.ThreadPoolTaskScheduler - Initializing ExecutorService  'taskScheduler'
INFO main org.springframework.integration.gateway.GatewayProxyFactoryBean$MethodInvocationGateway - started iudGateway
INFO main org.springframework.integration.gateway.GatewayProxyFactoryBean - started iudGateway
INFO main org.springframework.integration.gateway.GatewayProxyFactoryBean$MethodInvocationGateway - started toRemoteGateway
INFO main org.springframework.integration.gateway.GatewayProxyFactoryBean$MethodInvocationGateway - started toRemoteGateway
INFO main org.springframework.integration.gateway.GatewayProxyFactoryBean - started toRemoteGateway
INFO main org.springframework.amqp.rabbit.connection.SingleConnectionFactory - Established shared Rabbit Connection: amqp://guest@localhost:5672/
DEBUG main org.springframework.amqp.rabbit.core.RabbitTemplate - Executing callback on RabbitMQ Channel: AMQChannel(amqp://guest@localhost:5672/,1)
INFO main org.springframework.context.support.DefaultLifecycleProcessor - Starting beans in phase -2147483648
INFO main org.springframework.integration.endpoint.EventDrivenConsumer - started org.springframework.integration.config.ConsumerEndpointFactoryBean#0
INFO main org.springframework.integration.endpoint.EventDrivenConsumer - started org.springframework.integration.config.ConsumerEndpointFactoryBean#1
DEBUG main org.springframework.amqp.rabbit.core.RabbitTemplate - Executing callback on RabbitMQ Channel: AMQChannel(amqp://guest@localhost:5672/,1)
DEBUG main org.springframework.amqp.rabbit.core.RabbitAdmin - declaring Exchange 'MIS.dbmasterEndpointTopic'
DEBUG main org.springframework.amqp.rabbit.core.RabbitAdmin - Queue with name that starts with 'amq.' cannot be declared.
DEBUG main org.springframework.amqp.rabbit.core.RabbitAdmin - declaring Queue 'queue.request'
DEBUG main org.springframework.amqp.rabbit.core.RabbitAdmin - Binding queue [amq.gen-MG9cMGAVUvOtPhXZHWRUUw==] to exchange [MIS.dbmasterEndpointTopic] with routing key [MIS.dbmasterEndpointTopic.#]
INFO main org.springframework.integration.endpoint.EventDrivenConsumer - started _org.springframework.integration.errorLogger
INFO main org.springframework.context.support.DefaultLifecycleProcessor - Starting beans in phase 0
INFO main org.springframework.context.support.DefaultLifecycleProcessor - Starting beans in phase 2147483647
DEBUG main org.springframework.amqp.rabbit.core.RabbitTemplate - Executing callback on RabbitMQ Channel: AMQChannel(amqp://guest@localhost:5672/,6)
DEBUG main org.springframework.amqp.rabbit.core.RabbitTemplate - Publishing message on exchange [], routingKey = [queue.request]
DEBUG SimpleAsyncTaskExecutor-5 org.springframework.amqp.rabbit.core.RabbitTemplate - Executing callback on RabbitMQ Channel: AMQChannel(amqp://guest@localhost:5672/,6)
DEBUG SimpleAsyncTaskExecutor-5 org.springframework.amqp.rabbit.core.RabbitTemplate - Publishing message on exchange [MIS.dbmasterEndpointTopic], routingKey = [MIS.dbmasterEndpointTopic.ALL]
